[ 2017-03-10T19:45:05+08:00 ] ::1 /lightblog/index.php?s=/Admin/Public/login.html
INFO: [ app_begin ] --START--
INFO: Run Behavior\ReadHtmlCache [ RunTime:0.003911s ]
INFO: [ app_begin ] --END-- [ RunTime:0.008208s ]

[ 2017-03-10T19:45:10+08:00 ] ::1 /lightblog/index.php?s=/Admin/Public/login.html
INFO: [ app_begin ] --START--
INFO: Run Behavior\ReadHtmlCache [ RunTime:0.000797s ]
INFO: [ app_begin ] --END-- [ RunTime:0.001528s ]
NOTIC: [8192] mysql_connect(): The mysql extension is deprecated and will be removed in the future: use mysqli or PDO instead /Applications/MAMP/htdocs/LightBlog/ThinkPHP/Library/Think/Db/Driver/Mysql.class.php 第 52 行.
SQL: SHOW COLUMNS FROM `lb_ucenter_member` [ RunTime:0.026113s ]
SQL: SELECT * FROM `lb_ucenter_member` WHERE ( `username` = 'root' ) LIMIT 1   [ RunTime:0.004330s ]

[ 2017-03-10T19:45:23+08:00 ] ::1 /lightblog/index.php?s=/Admin/Public/login.html
INFO: [ app_begin ] --START--
INFO: Run Behavior\ReadHtmlCache [ RunTime:0.001080s ]
INFO: [ app_begin ] --END-- [ RunTime:0.001931s ]
NOTIC: [8192] mysql_connect(): The mysql extension is deprecated and will be removed in the future: use mysqli or PDO instead /Applications/MAMP/htdocs/LightBlog/ThinkPHP/Library/Think/Db/Driver/Mysql.class.php 第 52 行.
SQL: SHOW COLUMNS FROM `lb_ucenter_member` [ RunTime:0.006557s ]
SQL: SELECT * FROM `lb_ucenter_member` WHERE ( `username` = 'admin' ) LIMIT 1   [ RunTime:0.003538s ]
SQL: UPDATE `lb_ucenter_member` SET `last_login_time`=1489146322,`last_login_ip`=0 WHERE ( `id` = 1 ) [ RunTime:0.003171s ]
NOTIC: [8192] mysql_connect(): The mysql extension is deprecated and will be removed in the future: use mysqli or PDO instead /Applications/MAMP/htdocs/LightBlog/ThinkPHP/Library/Think/Db/Driver/Mysql.class.php 第 52 行.
SQL: SHOW COLUMNS FROM `lb_member` [ RunTime:0.007404s ]
SQL: SELECT `uid`,`nickname`,`sex`,`birthday`,`qq`,`score`,`login`,`reg_ip`,`reg_time`,`last_login_ip`,`last_login_time`,`status` FROM `lb_member` WHERE ( `uid` = 1 ) LIMIT 1   [ RunTime:0.002817s ]
SQL: SHOW COLUMNS FROM `lb_action` [ RunTime:0.007806s ]
SQL: SELECT * FROM `lb_action` WHERE ( `name` = 'user_login' ) LIMIT 1   [ RunTime:0.003023s ]
SQL: SHOW COLUMNS FROM `lb_action_log` [ RunTime:0.004816s ]
SQL: INSERT INTO `lb_action_log` (`action_id`,`user_id`,`action_ip`,`model`,`record_id`,`create_time`,`remark`) VALUES (1,1,0,'member',1,1489146322,'admin在2017-03-10 19:45登录了后台') [ RunTime:0.003172s ]
SQL: SELECT * FROM `lb_action` WHERE ( `name` = 'user_login' ) LIMIT 1   [ RunTime:0.000462s ]
NOTIC: [8] Undefined offset: 1 /Applications/MAMP/htdocs/LightBlog/Application/Common/Common/function.php 第 665 行.
NOTIC: [2] array_key_exists() expects parameter 2 to be array, null given /Applications/MAMP/htdocs/LightBlog/Application/Common/Common/function.php 第 665 行.
SQL: SELECT COUNT(*) AS tp_count FROM `lb_action_log` WHERE ( `action_id` = 1 ) AND ( `user_id` = 1 ) AND ( `create_time` > 1489059922 ) LIMIT 1   [ RunTime:0.003275s ]
SQL: SHOW COLUMNS FROM `lb_member` [ RunTime:0.007128s ]
SQL: UPDATE `lb_member` SET `score`=score+10 WHERE ( uid=1 AND status>-1 ) [ RunTime:0.006329s ]
SQL: UPDATE `lb_member` SET `login`=`login`+1,`last_login_time`=1489146322,`last_login_ip`=0 WHERE ( `uid` = 1 ) [ RunTime:0.000316s ]

[ 2017-03-10T19:45:23+08:00 ] ::1 /lightblog/index.php?s=/Admin/Index/index.html
NOTIC: [8192] mysql_connect(): The mysql extension is deprecated and will be removed in the future: use mysqli or PDO instead /Applications/MAMP/htdocs/LightBlog/ThinkPHP/Library/Think/Db/Driver/Mysql.class.php 第 52 行.
SQL: SHOW COLUMNS FROM `lb_menu` [ RunTime:0.006790s ]
SQL: SELECT * FROM `lb_menu` WHERE ( `pid` = 0 ) AND ( `hide` = 0 ) ORDER BY sort asc  [ RunTime:0.003037s ]
SQL: SELECT `id` FROM `lb_menu` WHERE ( url like '%Index/index%' ) LIMIT 1   [ RunTime:0.000774s ]
INFO: [ view_parse ] --START--
INFO: [ template_filter ] --START--
INFO: Run Behavior\ContentReplace [ RunTime:0.000160s ]
INFO: [ template_filter ] --END-- [ RunTime:0.000260s ]
INFO: [ AdminIndex ] --START--
SQL: SHOW COLUMNS FROM `lb_addons` [ RunTime:0.006843s ]
SQL: SELECT `config` FROM `lb_addons` WHERE ( `name` = 'SiteStat' ) AND ( `status` = 1 ) LIMIT 1   [ RunTime:0.003351s ]
SQL: SHOW COLUMNS FROM `lb_member` [ RunTime:0.004933s ]
SQL: SELECT COUNT(*) AS tp_count FROM `lb_member` LIMIT 1   [ RunTime:0.000317s ]
SQL: SHOW COLUMNS FROM `lb_action_log` [ RunTime:0.003264s ]
SQL: SELECT COUNT(*) AS tp_count FROM `lb_action_log` LIMIT 1   [ RunTime:0.000235s ]
SQL: SHOW COLUMNS FROM `lb_document` [ RunTime:0.006841s ]
SQL: SELECT COUNT(*) AS tp_count FROM `lb_document` LIMIT 1   [ RunTime:0.000254s ]
SQL: SHOW COLUMNS FROM `lb_category` [ RunTime:0.006776s ]
SQL: SELECT COUNT(*) AS tp_count FROM `lb_category` LIMIT 1   [ RunTime:0.000754s ]
SQL: SHOW COLUMNS FROM `lb_model` [ RunTime:0.004219s ]
SQL: SELECT COUNT(*) AS tp_count FROM `lb_model` LIMIT 1   [ RunTime:0.000273s ]
INFO: [ view_parse ] --START--
INFO: [ template_filter ] --START--
INFO: Run Behavior\ContentReplace [ RunTime:0.000069s ]
INFO: [ template_filter ] --END-- [ RunTime:-0.069504s ]
INFO: Run Behavior\ParseTemplate [ RunTime:0.006956s ]
INFO: [ view_parse ] --END-- [ RunTime:0.007072s ]
INFO: [ view_filter ] --START--
INFO: Run Behavior\WriteHtmlCache [ RunTime:0.001674s ]
INFO: [ view_filter ] --END-- [ RunTime:0.001797s ]
INFO: Run SiteStat [ RunTime:0.062720s ]
SQL: SELECT `config` FROM `lb_addons` WHERE ( `name` = 'SystemInfo' ) AND ( `status` = 1 ) LIMIT 1   [ RunTime:0.000364s ]
INFO: [ view_parse ] --START--
INFO: [ template_filter ] --START--
INFO: Run Behavior\ContentReplace [ RunTime:0.000104s ]
INFO: [ template_filter ] --END-- [ RunTime:-0.297993s ]
SQL: select version() as v; [ RunTime:0.001565s ]
INFO: Run Behavior\ParseTemplate [ RunTime:0.009495s ]
INFO: [ view_parse ] --END-- [ RunTime:-0.221357s ]
INFO: [ view_filter ] --START--
INFO: Run Behavior\WriteHtmlCache [ RunTime:0.000019s ]
INFO: [ view_filter ] --END-- [ RunTime:-0.229213s ]
INFO: Run SystemInfo [ RunTime:0.229357s ]
SQL: SELECT `config` FROM `lb_addons` WHERE ( `name` = 'DevTeam' ) AND ( `status` = 1 ) LIMIT 1   [ RunTime:0.000523s ]
INFO: [ view_parse ] --START--
INFO: [ template_filter ] --START--
INFO: Run Behavior\ContentReplace [ RunTime:0.000111s ]
INFO: [ template_filter ] --END-- [ RunTime:-0.312731s ]
INFO: Run Behavior\ParseTemplate [ RunTime:0.006991s ]
INFO: [ view_parse ] --END-- [ RunTime:-0.236090s ]
INFO: [ view_filter ] --START--
INFO: Run Behavior\WriteHtmlCache [ RunTime:0.000020s ]
INFO: [ view_filter ] --END-- [ RunTime:-0.241614s ]
INFO: Run DevTeam [ RunTime:0.012466s ]
INFO: [ AdminIndex ] --END-- [ RunTime:0.304864s ]
INFO: Run Behavior\ParseTemplate [ RunTime:0.007880s ]
INFO: [ view_parse ] --END-- [ RunTime:-0.236090s ]
INFO: [ view_filter ] --START--
INFO: Run Behavior\WriteHtmlCache [ RunTime:0.000030s ]
INFO: [ view_filter ] --END-- [ RunTime:-0.242461s ]
INFO: [ app_end ] --START--
INFO: Run Behavior\ShowPageTrace [ RunTime:0.002331s ]
INFO: [ app_end ] --END-- [ RunTime:0.002680s ]

[ 2017-03-10T19:45:26+08:00 ] ::1 /lightblog/index.php?s=/Admin/Article/mydocument.html
NOTIC: [8192] mysql_connect(): The mysql extension is deprecated and will be removed in the future: use mysqli or PDO instead /Applications/MAMP/htdocs/LightBlog/ThinkPHP/Library/Think/Db/Driver/Mysql.class.php 第 52 行.
SQL: SHOW COLUMNS FROM `lb_menu` [ RunTime:0.006604s ]
SQL: SELECT * FROM `lb_menu` WHERE ( `pid` = 0 ) AND ( `hide` = 0 ) ORDER BY sort asc  [ RunTime:0.000630s ]
SQL: SELECT `id` FROM `lb_menu` WHERE ( url like '%Article/mydocument%' ) LIMIT 1   [ RunTime:0.000361s ]
SQL: SHOW COLUMNS FROM `lb_menu` [ RunTime:0.007231s ]
SQL: SELECT `id`,`pid`,`title` FROM `lb_menu` WHERE ( id=2 ) LIMIT 1   [ RunTime:0.000475s ]
SQL: SELECT DISTINCT  `group` FROM `lb_menu` WHERE ( pid = 2 )  [ RunTime:0.002945s ]
SQL: SELECT `id`,`url` FROM `lb_menu` WHERE ( `pid` = 2 ) AND ( `hide` = 0 )  [ RunTime:0.000519s ]
SQL: SELECT `id`,`pid`,`title`,`url`,`tip` FROM `lb_menu` WHERE ( `group` = '内容' ) AND ( `pid` = 2 ) AND ( `hide` = 0 ) ORDER BY sort asc  [ RunTime:0.000486s ]
SQL: SHOW COLUMNS FROM `lb_auth_group_access` [ RunTime:0.006504s ]
SQL: SELECT `extend_id` FROM lb_auth_group_access g INNER JOIN lb_auth_extend c on g.group_id=c.group_id  WHERE ( g.uid='1' and c.type='1' and !isnull(extend_id) )  [ RunTime:0.006919s ]
SQL: SHOW COLUMNS FROM `lb_category` [ RunTime:0.006948s ]
SQL: SELECT `id`,`title`,`pid`,`allow_publish` FROM `lb_category` WHERE ( `status` = 1 ) ORDER BY pid,sort  [ RunTime:0.002771s ]
SQL: SHOW COLUMNS FROM `lb_document` [ RunTime:0.006835s ]
SQL: SELECT COUNT(*) AS tp_count FROM `lb_document` WHERE ( `status` IN ('0','1','2') ) AND ( `uid` = 1 ) AND ( `pid` = 0 ) LIMIT 1   [ RunTime:0.003069s ]
SQL: SELECT `id`,`uid`,`name`,`title`,`category_id`,`description`,`root`,`pid`,`model_id`,`type`,`position`,`link_id`,`cover_id`,`display`,`deadline`,`attach`,`view`,`comment`,`extend`,`level`,`create_time`,`update_time`,`status` FROM `lb_document` WHERE ( `status` IN ('0','1','2') ) AND ( `uid` = 1 ) AND ( `pid` = 0 ) ORDER BY update_time desc LIMIT 0,10   [ RunTime:0.000691s ]
INFO: [ view_parse ] --START--
INFO: [ template_filter ] --START--
INFO: Run Behavior\ContentReplace [ RunTime:0.000236s ]
INFO: [ template_filter ] --END-- [ RunTime:0.000368s ]
SQL: SHOW COLUMNS FROM `lb_document` [ RunTime:0.006766s ]
SQL: SELECT COUNT(*) AS tp_count FROM `lb_document` WHERE ( pid=1 ) LIMIT 1   [ RunTime:0.000359s ]
SQL: SELECT `title` FROM `lb_category` WHERE ( id=2 ) LIMIT 1   [ RunTime:0.000462s ]
INFO: Run Behavior\ParseTemplate [ RunTime:0.094747s ]
INFO: [ view_parse ] --END-- [ RunTime:0.094948s ]
INFO: [ view_filter ] --START--
INFO: Run Behavior\WriteHtmlCache [ RunTime:0.000326s ]
INFO: [ view_filter ] --END-- [ RunTime:0.000561s ]
INFO: [ app_end ] --START--
INFO: Run Behavior\ShowPageTrace [ RunTime:0.001784s ]
INFO: [ app_end ] --END-- [ RunTime:0.002141s ]

[ 2017-03-10T19:45:28+08:00 ] ::1 /lightblog/index.php?s=/Admin/article/draftbox.html
NOTIC: [8192] mysql_connect(): The mysql extension is deprecated and will be removed in the future: use mysqli or PDO instead /Applications/MAMP/htdocs/LightBlog/ThinkPHP/Library/Think/Db/Driver/Mysql.class.php 第 52 行.
SQL: SHOW COLUMNS FROM `lb_menu` [ RunTime:0.006861s ]
SQL: SELECT * FROM `lb_menu` WHERE ( `pid` = 0 ) AND ( `hide` = 0 ) ORDER BY sort asc  [ RunTime:0.000477s ]
SQL: SELECT `id` FROM `lb_menu` WHERE ( url like '%Article/draftbox%' ) LIMIT 1   [ RunTime:0.000573s ]
SQL: SHOW COLUMNS FROM `lb_auth_group_access` [ RunTime:0.003146s ]
SQL: SELECT `extend_id` FROM lb_auth_group_access g INNER JOIN lb_auth_extend c on g.group_id=c.group_id  WHERE ( g.uid='1' and c.type='1' and !isnull(extend_id) )  [ RunTime:0.000523s ]
SQL: SHOW COLUMNS FROM `lb_category` [ RunTime:0.006966s ]
SQL: SELECT `id`,`title`,`pid`,`allow_publish` FROM `lb_category` WHERE ( `status` = 1 ) ORDER BY pid,sort  [ RunTime:0.000442s ]
SQL: SHOW COLUMNS FROM `lb_document` [ RunTime:0.006464s ]
SQL: SELECT COUNT(*) AS tp_count FROM `lb_document` WHERE ( `status` = 3 ) AND ( `uid` = 1 ) LIMIT 1   [ RunTime:0.000379s ]
SQL: SELECT `id`,`uid`,`name`,`title`,`category_id`,`description`,`root`,`pid`,`model_id`,`type`,`position`,`link_id`,`cover_id`,`display`,`deadline`,`attach`,`view`,`comment`,`extend`,`level`,`create_time`,`update_time`,`status` FROM `lb_document` WHERE ( `status` = 3 ) AND ( `uid` = 1 ) ORDER BY id desc LIMIT 0,10   [ RunTime:0.000545s ]
INFO: [ view_parse ] --START--
INFO: [ template_filter ] --START--
INFO: Run Behavior\ContentReplace [ RunTime:0.000461s ]
INFO: [ template_filter ] --END-- [ RunTime:0.000598s ]
INFO: Run Behavior\ParseTemplate [ RunTime:0.083517s ]
INFO: [ view_parse ] --END-- [ RunTime:0.083646s ]
INFO: [ view_filter ] --START--
INFO: Run Behavior\WriteHtmlCache [ RunTime:0.000293s ]
INFO: [ view_filter ] --END-- [ RunTime:0.000365s ]
INFO: [ app_end ] --START--
INFO: Run Behavior\ShowPageTrace [ RunTime:0.003898s ]
INFO: [ app_end ] --END-- [ RunTime:0.004222s ]

[ 2017-03-10T19:45:30+08:00 ] ::1 /lightblog/index.php?s=/Admin/article/mydocument.html
NOTIC: [8192] mysql_connect(): The mysql extension is deprecated and will be removed in the future: use mysqli or PDO instead /Applications/MAMP/htdocs/LightBlog/ThinkPHP/Library/Think/Db/Driver/Mysql.class.php 第 52 行.
SQL: SHOW COLUMNS FROM `lb_menu` [ RunTime:0.005625s ]
SQL: SELECT * FROM `lb_menu` WHERE ( `pid` = 0 ) AND ( `hide` = 0 ) ORDER BY sort asc  [ RunTime:0.000627s ]
SQL: SELECT `id` FROM `lb_menu` WHERE ( url like '%Article/mydocument%' ) LIMIT 1   [ RunTime:0.000404s ]
SQL: SHOW COLUMNS FROM `lb_menu` [ RunTime:0.007877s ]
SQL: SELECT `id`,`pid`,`title` FROM `lb_menu` WHERE ( id=2 ) LIMIT 1   [ RunTime:0.000395s ]
SQL: SELECT DISTINCT  `group` FROM `lb_menu` WHERE ( pid = 2 )  [ RunTime:0.005462s ]
SQL: SELECT `id`,`url` FROM `lb_menu` WHERE ( `pid` = 2 ) AND ( `hide` = 0 )  [ RunTime:0.000435s ]
SQL: SELECT `id`,`pid`,`title`,`url`,`tip` FROM `lb_menu` WHERE ( `group` = '内容' ) AND ( `pid` = 2 ) AND ( `hide` = 0 ) ORDER BY sort asc  [ RunTime:0.000541s ]
SQL: SHOW COLUMNS FROM `lb_auth_group_access` [ RunTime:0.003741s ]
SQL: SELECT `extend_id` FROM lb_auth_group_access g INNER JOIN lb_auth_extend c on g.group_id=c.group_id  WHERE ( g.uid='1' and c.type='1' and !isnull(extend_id) )  [ RunTime:0.000294s ]
SQL: SHOW COLUMNS FROM `lb_category` [ RunTime:0.005794s ]
SQL: SELECT `id`,`title`,`pid`,`allow_publish` FROM `lb_category` WHERE ( `status` = 1 ) ORDER BY pid,sort  [ RunTime:0.000455s ]
SQL: SHOW COLUMNS FROM `lb_document` [ RunTime:0.006421s ]
SQL: SELECT COUNT(*) AS tp_count FROM `lb_document` WHERE ( `status` IN ('0','1','2') ) AND ( `uid` = 1 ) AND ( `pid` = 0 ) LIMIT 1   [ RunTime:0.000342s ]
SQL: SELECT `id`,`uid`,`name`,`title`,`category_id`,`description`,`root`,`pid`,`model_id`,`type`,`position`,`link_id`,`cover_id`,`display`,`deadline`,`attach`,`view`,`comment`,`extend`,`level`,`create_time`,`update_time`,`status` FROM `lb_document` WHERE ( `status` IN ('0','1','2') ) AND ( `uid` = 1 ) AND ( `pid` = 0 ) ORDER BY update_time desc LIMIT 0,10   [ RunTime:0.000702s ]
INFO: [ view_parse ] --START--
INFO: [ template_filter ] --START--
INFO: Run Behavior\ContentReplace [ RunTime:0.000282s ]
INFO: [ template_filter ] --END-- [ RunTime:0.000493s ]
SQL: SHOW COLUMNS FROM `lb_document` [ RunTime:0.004890s ]
SQL: SELECT COUNT(*) AS tp_count FROM `lb_document` WHERE ( pid=1 ) LIMIT 1   [ RunTime:0.000408s ]
SQL: SELECT `title` FROM `lb_category` WHERE ( id=2 ) LIMIT 1   [ RunTime:0.000361s ]
INFO: Run Behavior\ParseTemplate [ RunTime:0.079881s ]
INFO: [ view_parse ] --END-- [ RunTime:0.080006s ]
INFO: [ view_filter ] --START--
INFO: Run Behavior\WriteHtmlCache [ RunTime:0.000227s ]
INFO: [ view_filter ] --END-- [ RunTime:0.000311s ]
INFO: [ app_end ] --START--
INFO: Run Behavior\ShowPageTrace [ RunTime:0.001352s ]
INFO: [ app_end ] --END-- [ RunTime:0.001620s ]

[ 2017-03-10T19:45:32+08:00 ] ::1 /lightblog/index.php?s=/Admin/User/index.html
NOTIC: [8192] mysql_connect(): The mysql extension is deprecated and will be removed in the future: use mysqli or PDO instead /Applications/MAMP/htdocs/LightBlog/ThinkPHP/Library/Think/Db/Driver/Mysql.class.php 第 52 行.
SQL: SHOW COLUMNS FROM `lb_menu` [ RunTime:0.006242s ]
SQL: SELECT * FROM `lb_menu` WHERE ( `pid` = 0 ) AND ( `hide` = 0 ) ORDER BY sort asc  [ RunTime:0.001133s ]
SQL: SELECT `id` FROM `lb_menu` WHERE ( url like '%User/index%' ) LIMIT 1   [ RunTime:0.000722s ]
SQL: SHOW COLUMNS FROM `lb_menu` [ RunTime:0.005303s ]
SQL: SELECT `id`,`pid`,`title` FROM `lb_menu` WHERE ( id=16 ) LIMIT 1   [ RunTime:0.000455s ]
SQL: SELECT DISTINCT  `group` FROM `lb_menu` WHERE ( pid = 16 )  [ RunTime:0.000533s ]
SQL: SELECT `id`,`url` FROM `lb_menu` WHERE ( `pid` = 16 ) AND ( `hide` = 0 )  [ RunTime:0.000369s ]
SQL: SELECT `id`,`pid`,`title`,`url`,`tip` FROM `lb_menu` WHERE ( `group` = '用户管理' ) AND ( `pid` = 16 ) AND ( `hide` = 0 ) ORDER BY sort asc  [ RunTime:0.000488s ]
SQL: SELECT `id`,`pid`,`title`,`url`,`tip` FROM `lb_menu` WHERE ( `group` = '行为管理' ) AND ( `pid` = 16 ) AND ( `hide` = 0 ) ORDER BY sort asc  [ RunTime:0.000560s ]
SQL: SELECT `id`,`pid`,`title`,`url`,`tip` FROM `lb_menu` WHERE ( `group` = '' ) AND ( `pid` = 16 ) AND ( `hide` = 0 ) ORDER BY sort asc  [ RunTime:0.000582s ]
SQL: SHOW COLUMNS FROM `lb_member` [ RunTime:0.006615s ]
SQL: SELECT COUNT(*) AS tp_count FROM `lb_member` WHERE ( `status` >= 0 ) AND ( `nickname` LIKE '%%' ) LIMIT 1   [ RunTime:0.000353s ]
SQL: SELECT `uid`,`nickname`,`sex`,`birthday`,`qq`,`score`,`login`,`reg_ip`,`reg_time`,`last_login_ip`,`last_login_time`,`status` FROM `lb_member` WHERE ( `status` >= 0 ) AND ( `nickname` LIKE '%%' ) ORDER BY uid desc LIMIT 0,10   [ RunTime:0.000510s ]
INFO: [ view_parse ] --START--
INFO: [ template_filter ] --START--
INFO: Run Behavior\ContentReplace [ RunTime:0.000203s ]
INFO: [ template_filter ] --END-- [ RunTime:0.000340s ]
INFO: Run Behavior\ParseTemplate [ RunTime:0.038929s ]
INFO: [ view_parse ] --END-- [ RunTime:0.039086s ]
INFO: [ view_filter ] --START--
INFO: Run Behavior\WriteHtmlCache [ RunTime:0.000262s ]
INFO: [ view_filter ] --END-- [ RunTime:0.000355s ]
INFO: [ app_end ] --START--
INFO: Run Behavior\ShowPageTrace [ RunTime:0.001074s ]
INFO: [ app_end ] --END-- [ RunTime:0.001303s ]

[ 2017-03-10T19:45:33+08:00 ] ::1 /lightblog/index.php?s=/Admin/Config/group.html
NOTIC: [8192] mysql_connect(): The mysql extension is deprecated and will be removed in the future: use mysqli or PDO instead /Applications/MAMP/htdocs/LightBlog/ThinkPHP/Library/Think/Db/Driver/Mysql.class.php 第 52 行.
SQL: SHOW COLUMNS FROM `lb_menu` [ RunTime:0.007558s ]
SQL: SELECT * FROM `lb_menu` WHERE ( `pid` = 0 ) AND ( `hide` = 0 ) ORDER BY sort asc  [ RunTime:0.000566s ]
SQL: SELECT `id` FROM `lb_menu` WHERE ( url like '%Config/group%' ) LIMIT 1   [ RunTime:0.000430s ]
SQL: SHOW COLUMNS FROM `lb_menu` [ RunTime:0.003820s ]
SQL: SELECT `id`,`pid`,`title` FROM `lb_menu` WHERE ( id=68 ) LIMIT 1   [ RunTime:0.000356s ]
SQL: SELECT DISTINCT  `group` FROM `lb_menu` WHERE ( pid = 68 )  [ RunTime:0.000376s ]
SQL: SELECT `id`,`url` FROM `lb_menu` WHERE ( `pid` = 68 ) AND ( `hide` = 0 )  [ RunTime:0.000485s ]
SQL: SELECT `id`,`pid`,`title`,`url`,`tip` FROM `lb_menu` WHERE ( `group` = '系统设置' ) AND ( `pid` = 68 ) AND ( `hide` = 0 ) ORDER BY sort asc  [ RunTime:0.000638s ]
SQL: SELECT `id`,`pid`,`title`,`url`,`tip` FROM `lb_menu` WHERE ( `group` = '' ) AND ( `pid` = 68 ) AND ( `hide` = 0 ) ORDER BY sort asc  [ RunTime:0.000404s ]
SQL: SELECT `id`,`pid`,`title`,`url`,`tip` FROM `lb_menu` WHERE ( `group` = '数据备份' ) AND ( `pid` = 68 ) AND ( `hide` = 0 ) ORDER BY sort asc  [ RunTime:0.000499s ]
SQL: SHOW COLUMNS FROM `lb_config` [ RunTime:0.004563s ]
SQL: SELECT `id`,`name`,`title`,`extra`,`value`,`remark`,`type` FROM `lb_config` WHERE ( `status` = 1 ) AND ( `group` = 1 ) ORDER BY sort  [ RunTime:0.003201s ]
INFO: [ view_parse ] --START--
INFO: [ template_filter ] --START--
INFO: Run Behavior\ContentReplace [ RunTime:0.000188s ]
INFO: [ template_filter ] --END-- [ RunTime:0.000298s ]
INFO: Run Behavior\ParseTemplate [ RunTime:0.048900s ]
INFO: [ view_parse ] --END-- [ RunTime:0.049097s ]
INFO: [ view_filter ] --START--
INFO: Run Behavior\WriteHtmlCache [ RunTime:0.000288s ]
INFO: [ view_filter ] --END-- [ RunTime:0.000407s ]
INFO: [ app_end ] --START--
INFO: Run Behavior\ShowPageTrace [ RunTime:0.001000s ]
INFO: [ app_end ] --END-- [ RunTime:0.001133s ]

[ 2017-03-10T19:45:34+08:00 ] ::1 /lightblog/index.php?s=/Admin/Addons/index.html
SQL: SHOW COLUMNS FROM `lb_menu` [ RunTime:0.006275s ]
SQL: SELECT * FROM `lb_menu` WHERE ( `pid` = 0 ) AND ( `hide` = 0 ) ORDER BY sort asc  [ RunTime:0.000549s ]
SQL: SELECT `id` FROM `lb_menu` WHERE ( url like '%Addons/index%' ) LIMIT 1   [ RunTime:0.000425s ]
SQL: SHOW COLUMNS FROM `lb_menu` [ RunTime:0.006637s ]
SQL: SELECT `id`,`pid`,`title` FROM `lb_menu` WHERE ( id=43 ) LIMIT 1   [ RunTime:0.000348s ]
SQL: SELECT DISTINCT  `group` FROM `lb_menu` WHERE ( pid = 43 )  [ RunTime:0.000465s ]
SQL: SELECT `id`,`url` FROM `lb_menu` WHERE ( `pid` = 43 ) AND ( `hide` = 0 )  [ RunTime:0.000340s ]
SQL: SELECT `id`,`pid`,`title`,`url`,`tip` FROM `lb_menu` WHERE ( `group` = '扩展' ) AND ( `pid` = 43 ) AND ( `hide` = 0 ) ORDER BY sort asc  [ RunTime:0.000409s ]
SQL: SELECT `id`,`name`,`title`,`description`,`status`,`config`,`author`,`version`,`create_time`,`has_adminlist` FROM `lb_addons` WHERE ( `name` IN ('Attachment','DevTeam','Editor','EditorForAdmin','SiteStat','SocialComment','SystemInfo') )  [ RunTime:0.000672s ]
INFO: [ view_parse ] --START--
INFO: [ template_filter ] --START--
INFO: Run Behavior\ContentReplace [ RunTime:0.000170s ]
INFO: [ template_filter ] --END-- [ RunTime:0.000403s ]
SQL: SHOW COLUMNS FROM `lb_addons` [ RunTime:0.006712s ]
SQL: SELECT `config` FROM `lb_addons` WHERE ( `name` = 'Attachment' ) AND ( `status` = 1 ) LIMIT 1   [ RunTime:0.000578s ]
SQL: SELECT `config` FROM `lb_addons` WHERE ( `name` = 'SocialComment' ) AND ( `status` = 1 ) LIMIT 1   [ RunTime:0.000360s ]
SQL: SELECT `config` FROM `lb_addons` WHERE ( `name` = 'Editor' ) AND ( `status` = 1 ) LIMIT 1   [ RunTime:0.000378s ]
SQL: SELECT `config` FROM `lb_addons` WHERE ( `name` = 'SystemInfo' ) AND ( `status` = 1 ) LIMIT 1   [ RunTime:0.000374s ]
SQL: SELECT `config` FROM `lb_addons` WHERE ( `name` = 'SiteStat' ) AND ( `status` = 1 ) LIMIT 1   [ RunTime:0.000422s ]
SQL: SELECT `config` FROM `lb_addons` WHERE ( `name` = 'DevTeam' ) AND ( `status` = 1 ) LIMIT 1   [ RunTime:0.000325s ]
SQL: SELECT `config` FROM `lb_addons` WHERE ( `name` = 'EditorForAdmin' ) AND ( `status` = 1 ) LIMIT 1   [ RunTime:0.000360s ]
INFO: Run Behavior\ParseTemplate [ RunTime:0.069129s ]
INFO: [ view_parse ] --END-- [ RunTime:0.069240s ]
INFO: [ view_filter ] --START--
INFO: Run Behavior\WriteHtmlCache [ RunTime:0.000236s ]
INFO: [ view_filter ] --END-- [ RunTime:0.000317s ]
INFO: [ app_end ] --START--
INFO: Run Behavior\ShowPageTrace [ RunTime:0.001023s ]
INFO: [ app_end ] --END-- [ RunTime:0.001164s ]

[ 2017-03-10T19:45:35+08:00 ] ::1 /lightblog/index.php?s=/Admin/Config/group.html
NOTIC: [8192] mysql_connect(): The mysql extension is deprecated and will be removed in the future: use mysqli or PDO instead /Applications/MAMP/htdocs/LightBlog/ThinkPHP/Library/Think/Db/Driver/Mysql.class.php 第 52 行.
SQL: SHOW COLUMNS FROM `lb_menu` [ RunTime:0.006386s ]
SQL: SELECT * FROM `lb_menu` WHERE ( `pid` = 0 ) AND ( `hide` = 0 ) ORDER BY sort asc  [ RunTime:0.000425s ]
SQL: SELECT `id` FROM `lb_menu` WHERE ( url like '%Config/group%' ) LIMIT 1   [ RunTime:0.000449s ]
SQL: SHOW COLUMNS FROM `lb_menu` [ RunTime:0.003206s ]
SQL: SELECT `id`,`pid`,`title` FROM `lb_menu` WHERE ( id=68 ) LIMIT 1   [ RunTime:0.000401s ]
SQL: SELECT DISTINCT  `group` FROM `lb_menu` WHERE ( pid = 68 )  [ RunTime:0.000398s ]
SQL: SELECT `id`,`url` FROM `lb_menu` WHERE ( `pid` = 68 ) AND ( `hide` = 0 )  [ RunTime:0.000477s ]
SQL: SELECT `id`,`pid`,`title`,`url`,`tip` FROM `lb_menu` WHERE ( `group` = '系统设置' ) AND ( `pid` = 68 ) AND ( `hide` = 0 ) ORDER BY sort asc  [ RunTime:0.000602s ]
SQL: SELECT `id`,`pid`,`title`,`url`,`tip` FROM `lb_menu` WHERE ( `group` = '' ) AND ( `pid` = 68 ) AND ( `hide` = 0 ) ORDER BY sort asc  [ RunTime:0.000523s ]
SQL: SELECT `id`,`pid`,`title`,`url`,`tip` FROM `lb_menu` WHERE ( `group` = '数据备份' ) AND ( `pid` = 68 ) AND ( `hide` = 0 ) ORDER BY sort asc  [ RunTime:0.000614s ]
SQL: SHOW COLUMNS FROM `lb_config` [ RunTime:0.006668s ]
SQL: SELECT `id`,`name`,`title`,`extra`,`value`,`remark`,`type` FROM `lb_config` WHERE ( `status` = 1 ) AND ( `group` = 1 ) ORDER BY sort  [ RunTime:0.000507s ]
INFO: [ view_parse ] --START--
INFO: [ template_filter ] --START--
INFO: Run Behavior\ContentReplace [ RunTime:0.000170s ]
INFO: [ template_filter ] --END-- [ RunTime:0.000291s ]
INFO: Run Behavior\ParseTemplate [ RunTime:0.040844s ]
INFO: [ view_parse ] --END-- [ RunTime:0.040975s ]
INFO: [ view_filter ] --START--
INFO: Run Behavior\WriteHtmlCache [ RunTime:0.000242s ]
INFO: [ view_filter ] --END-- [ RunTime:0.000326s ]
INFO: [ app_end ] --START--
INFO: Run Behavior\ShowPageTrace [ RunTime:0.001055s ]
INFO: [ app_end ] --END-- [ RunTime:0.001205s ]

[ 2017-03-10T19:45:38+08:00 ] ::1 /lightblog/index.php?s=/Admin/User/index.html
NOTIC: [8192] mysql_connect(): The mysql extension is deprecated and will be removed in the future: use mysqli or PDO instead /Applications/MAMP/htdocs/LightBlog/ThinkPHP/Library/Think/Db/Driver/Mysql.class.php 第 52 行.
SQL: SHOW COLUMNS FROM `lb_menu` [ RunTime:0.006633s ]
SQL: SELECT * FROM `lb_menu` WHERE ( `pid` = 0 ) AND ( `hide` = 0 ) ORDER BY sort asc  [ RunTime:0.000737s ]
SQL: SELECT `id` FROM `lb_menu` WHERE ( url like '%User/index%' ) LIMIT 1   [ RunTime:0.000441s ]
SQL: SHOW COLUMNS FROM `lb_menu` [ RunTime:0.006464s ]
SQL: SELECT `id`,`pid`,`title` FROM `lb_menu` WHERE ( id=16 ) LIMIT 1   [ RunTime:0.000389s ]
SQL: SELECT DISTINCT  `group` FROM `lb_menu` WHERE ( pid = 16 )  [ RunTime:0.000441s ]
SQL: SELECT `id`,`url` FROM `lb_menu` WHERE ( `pid` = 16 ) AND ( `hide` = 0 )  [ RunTime:0.000465s ]
SQL: SELECT `id`,`pid`,`title`,`url`,`tip` FROM `lb_menu` WHERE ( `group` = '用户管理' ) AND ( `pid` = 16 ) AND ( `hide` = 0 ) ORDER BY sort asc  [ RunTime:0.000518s ]
SQL: SELECT `id`,`pid`,`title`,`url`,`tip` FROM `lb_menu` WHERE ( `group` = '行为管理' ) AND ( `pid` = 16 ) AND ( `hide` = 0 ) ORDER BY sort asc  [ RunTime:0.000547s ]
SQL: SELECT `id`,`pid`,`title`,`url`,`tip` FROM `lb_menu` WHERE ( `group` = '' ) AND ( `pid` = 16 ) AND ( `hide` = 0 ) ORDER BY sort asc  [ RunTime:0.000467s ]
SQL: SHOW COLUMNS FROM `lb_member` [ RunTime:0.006410s ]
SQL: SELECT COUNT(*) AS tp_count FROM `lb_member` WHERE ( `status` >= 0 ) AND ( `nickname` LIKE '%%' ) LIMIT 1   [ RunTime:0.000403s ]
SQL: SELECT `uid`,`nickname`,`sex`,`birthday`,`qq`,`score`,`login`,`reg_ip`,`reg_time`,`last_login_ip`,`last_login_time`,`status` FROM `lb_member` WHERE ( `status` >= 0 ) AND ( `nickname` LIKE '%%' ) ORDER BY uid desc LIMIT 0,10   [ RunTime:0.000684s ]
INFO: [ view_parse ] --START--
INFO: [ template_filter ] --START--
INFO: Run Behavior\ContentReplace [ RunTime:0.000159s ]
INFO: [ template_filter ] --END-- [ RunTime:0.000320s ]
INFO: Run Behavior\ParseTemplate [ RunTime:0.037675s ]
INFO: [ view_parse ] --END-- [ RunTime:0.037797s ]
INFO: [ view_filter ] --START--
INFO: Run Behavior\WriteHtmlCache [ RunTime:0.000207s ]
INFO: [ view_filter ] --END-- [ RunTime:0.000308s ]
INFO: [ app_end ] --START--
INFO: Run Behavior\ShowPageTrace [ RunTime:0.001257s ]
INFO: [ app_end ] --END-- [ RunTime:0.001440s ]

[ 2017-03-10T19:45:42+08:00 ] ::1 /lightblog/index.php?s=/Admin/Article/mydocument.html
NOTIC: [8192] mysql_connect(): The mysql extension is deprecated and will be removed in the future: use mysqli or PDO instead /Applications/MAMP/htdocs/LightBlog/ThinkPHP/Library/Think/Db/Driver/Mysql.class.php 第 52 行.
SQL: SHOW COLUMNS FROM `lb_menu` [ RunTime:0.003374s ]
SQL: SELECT * FROM `lb_menu` WHERE ( `pid` = 0 ) AND ( `hide` = 0 ) ORDER BY sort asc  [ RunTime:0.000571s ]
SQL: SELECT `id` FROM `lb_menu` WHERE ( url like '%Article/mydocument%' ) LIMIT 1   [ RunTime:0.000457s ]
SQL: SHOW COLUMNS FROM `lb_menu` [ RunTime:0.006703s ]
SQL: SELECT `id`,`pid`,`title` FROM `lb_menu` WHERE ( id=2 ) LIMIT 1   [ RunTime:0.000388s ]
SQL: SELECT DISTINCT  `group` FROM `lb_menu` WHERE ( pid = 2 )  [ RunTime:0.000397s ]
SQL: SELECT `id`,`url` FROM `lb_menu` WHERE ( `pid` = 2 ) AND ( `hide` = 0 )  [ RunTime:0.000405s ]
SQL: SELECT `id`,`pid`,`title`,`url`,`tip` FROM `lb_menu` WHERE ( `group` = '内容' ) AND ( `pid` = 2 ) AND ( `hide` = 0 ) ORDER BY sort asc  [ RunTime:0.000386s ]
SQL: SHOW COLUMNS FROM `lb_auth_group_access` [ RunTime:0.003137s ]
SQL: SELECT `extend_id` FROM lb_auth_group_access g INNER JOIN lb_auth_extend c on g.group_id=c.group_id  WHERE ( g.uid='1' and c.type='1' and !isnull(extend_id) )  [ RunTime:0.000405s ]
SQL: SHOW COLUMNS FROM `lb_category` [ RunTime:0.006635s ]
SQL: SELECT `id`,`title`,`pid`,`allow_publish` FROM `lb_category` WHERE ( `status` = 1 ) ORDER BY pid,sort  [ RunTime:0.000388s ]
SQL: SHOW COLUMNS FROM `lb_document` [ RunTime:0.006174s ]
SQL: SELECT COUNT(*) AS tp_count FROM `lb_document` WHERE ( `status` IN ('0','1','2') ) AND ( `uid` = 1 ) AND ( `pid` = 0 ) LIMIT 1   [ RunTime:0.000460s ]
SQL: SELECT `id`,`uid`,`name`,`title`,`category_id`,`description`,`root`,`pid`,`model_id`,`type`,`position`,`link_id`,`cover_id`,`display`,`deadline`,`attach`,`view`,`comment`,`extend`,`level`,`create_time`,`update_time`,`status` FROM `lb_document` WHERE ( `status` IN ('0','1','2') ) AND ( `uid` = 1 ) AND ( `pid` = 0 ) ORDER BY update_time desc LIMIT 0,10   [ RunTime:0.000530s ]
INFO: [ view_parse ] --START--
INFO: [ template_filter ] --START--
INFO: Run Behavior\ContentReplace [ RunTime:0.000233s ]
INFO: [ template_filter ] --END-- [ RunTime:0.000442s ]
SQL: SHOW COLUMNS FROM `lb_document` [ RunTime:0.009414s ]
SQL: SELECT COUNT(*) AS tp_count FROM `lb_document` WHERE ( pid=1 ) LIMIT 1   [ RunTime:0.000366s ]
SQL: SELECT `title` FROM `lb_category` WHERE ( id=2 ) LIMIT 1   [ RunTime:0.001529s ]
INFO: Run Behavior\ParseTemplate [ RunTime:0.086189s ]
INFO: [ view_parse ] --END-- [ RunTime:0.086382s ]
INFO: [ view_filter ] --START--
INFO: Run Behavior\WriteHtmlCache [ RunTime:0.001264s ]
INFO: [ view_filter ] --END-- [ RunTime:0.002323s ]
INFO: [ app_end ] --START--
INFO: Run Behavior\ShowPageTrace [ RunTime:0.001298s ]
INFO: [ app_end ] --END-- [ RunTime:0.002092s ]

[ 2017-03-10T19:45:54+08:00 ] ::1 /lightblog/index.php?s=/Admin/Config/group.html
NOTIC: [8192] mysql_connect(): The mysql extension is deprecated and will be removed in the future: use mysqli or PDO instead /Applications/MAMP/htdocs/LightBlog/ThinkPHP/Library/Think/Db/Driver/Mysql.class.php 第 52 行.
SQL: SHOW COLUMNS FROM `lb_menu` [ RunTime:0.006381s ]
SQL: SELECT * FROM `lb_menu` WHERE ( `pid` = 0 ) AND ( `hide` = 0 ) ORDER BY sort asc  [ RunTime:0.000591s ]
SQL: SELECT `id` FROM `lb_menu` WHERE ( url like '%Config/group%' ) LIMIT 1   [ RunTime:0.000633s ]
SQL: SHOW COLUMNS FROM `lb_menu` [ RunTime:0.003880s ]
SQL: SELECT `id`,`pid`,`title` FROM `lb_menu` WHERE ( id=68 ) LIMIT 1   [ RunTime:0.000400s ]
SQL: SELECT DISTINCT  `group` FROM `lb_menu` WHERE ( pid = 68 )  [ RunTime:0.000439s ]
SQL: SELECT `id`,`url` FROM `lb_menu` WHERE ( `pid` = 68 ) AND ( `hide` = 0 )  [ RunTime:0.000609s ]
SQL: SELECT `id`,`pid`,`title`,`url`,`tip` FROM `lb_menu` WHERE ( `group` = '系统设置' ) AND ( `pid` = 68 ) AND ( `hide` = 0 ) ORDER BY sort asc  [ RunTime:0.000563s ]
SQL: SELECT `id`,`pid`,`title`,`url`,`tip` FROM `lb_menu` WHERE ( `group` = '' ) AND ( `pid` = 68 ) AND ( `hide` = 0 ) ORDER BY sort asc  [ RunTime:0.000632s ]
SQL: SELECT `id`,`pid`,`title`,`url`,`tip` FROM `lb_menu` WHERE ( `group` = '数据备份' ) AND ( `pid` = 68 ) AND ( `hide` = 0 ) ORDER BY sort asc  [ RunTime:0.000445s ]
SQL: SHOW COLUMNS FROM `lb_config` [ RunTime:0.006418s ]
SQL: SELECT `id`,`name`,`title`,`extra`,`value`,`remark`,`type` FROM `lb_config` WHERE ( `status` = 1 ) AND ( `group` = 1 ) ORDER BY sort  [ RunTime:0.000627s ]
INFO: [ view_parse ] --START--
INFO: [ template_filter ] --START--
INFO: Run Behavior\ContentReplace [ RunTime:0.000202s ]
INFO: [ template_filter ] --END-- [ RunTime:0.000324s ]
INFO: Run Behavior\ParseTemplate [ RunTime:0.045651s ]
INFO: [ view_parse ] --END-- [ RunTime:0.045770s ]
INFO: [ view_filter ] --START--
INFO: Run Behavior\WriteHtmlCache [ RunTime:0.000279s ]
INFO: [ view_filter ] --END-- [ RunTime:0.000393s ]
INFO: [ app_end ] --START--
INFO: Run Behavior\ShowPageTrace [ RunTime:0.001372s ]
INFO: [ app_end ] --END-- [ RunTime:0.001506s ]

[ 2017-03-10T19:45:55+08:00 ] ::1 /lightblog/index.php?s=/Admin/User/index.html
NOTIC: [8192] mysql_connect(): The mysql extension is deprecated and will be removed in the future: use mysqli or PDO instead /Applications/MAMP/htdocs/LightBlog/ThinkPHP/Library/Think/Db/Driver/Mysql.class.php 第 52 行.
SQL: SHOW COLUMNS FROM `lb_menu` [ RunTime:0.003975s ]
SQL: SELECT * FROM `lb_menu` WHERE ( `pid` = 0 ) AND ( `hide` = 0 ) ORDER BY sort asc  [ RunTime:0.001127s ]
SQL: SELECT `id` FROM `lb_menu` WHERE ( url like '%User/index%' ) LIMIT 1   [ RunTime:0.000333s ]
SQL: SHOW COLUMNS FROM `lb_menu` [ RunTime:0.003679s ]
SQL: SELECT `id`,`pid`,`title` FROM `lb_menu` WHERE ( id=16 ) LIMIT 1   [ RunTime:0.000449s ]
SQL: SELECT DISTINCT  `group` FROM `lb_menu` WHERE ( pid = 16 )  [ RunTime:0.000456s ]
SQL: SELECT `id`,`url` FROM `lb_menu` WHERE ( `pid` = 16 ) AND ( `hide` = 0 )  [ RunTime:0.000806s ]
SQL: SELECT `id`,`pid`,`title`,`url`,`tip` FROM `lb_menu` WHERE ( `group` = '用户管理' ) AND ( `pid` = 16 ) AND ( `hide` = 0 ) ORDER BY sort asc  [ RunTime:0.000529s ]
SQL: SELECT `id`,`pid`,`title`,`url`,`tip` FROM `lb_menu` WHERE ( `group` = '行为管理' ) AND ( `pid` = 16 ) AND ( `hide` = 0 ) ORDER BY sort asc  [ RunTime:0.000498s ]
SQL: SELECT `id`,`pid`,`title`,`url`,`tip` FROM `lb_menu` WHERE ( `group` = '' ) AND ( `pid` = 16 ) AND ( `hide` = 0 ) ORDER BY sort asc  [ RunTime:0.000513s ]
SQL: SHOW COLUMNS FROM `lb_member` [ RunTime:0.009213s ]
SQL: SELECT COUNT(*) AS tp_count FROM `lb_member` WHERE ( `status` >= 0 ) AND ( `nickname` LIKE '%%' ) LIMIT 1   [ RunTime:0.000420s ]
SQL: SELECT `uid`,`nickname`,`sex`,`birthday`,`qq`,`score`,`login`,`reg_ip`,`reg_time`,`last_login_ip`,`last_login_time`,`status` FROM `lb_member` WHERE ( `status` >= 0 ) AND ( `nickname` LIKE '%%' ) ORDER BY uid desc LIMIT 0,10   [ RunTime:0.000592s ]
INFO: [ view_parse ] --START--
INFO: [ template_filter ] --START--
INFO: Run Behavior\ContentReplace [ RunTime:0.000174s ]
INFO: [ template_filter ] --END-- [ RunTime:0.000353s ]
INFO: Run Behavior\ParseTemplate [ RunTime:0.035086s ]
INFO: [ view_parse ] --END-- [ RunTime:0.035188s ]
INFO: [ view_filter ] --START--
INFO: Run Behavior\WriteHtmlCache [ RunTime:0.000269s ]
INFO: [ view_filter ] --END-- [ RunTime:0.000366s ]
INFO: [ app_end ] --START--
INFO: Run Behavior\ShowPageTrace [ RunTime:0.001472s ]
INFO: [ app_end ] --END-- [ RunTime:0.001618s ]

[ 2017-03-10T19:45:57+08:00 ] ::1 /lightblog/index.php?s=/Admin/Config/group.html
NOTIC: [8192] mysql_connect(): The mysql extension is deprecated and will be removed in the future: use mysqli or PDO instead /Applications/MAMP/htdocs/LightBlog/ThinkPHP/Library/Think/Db/Driver/Mysql.class.php 第 52 行.
SQL: SHOW COLUMNS FROM `lb_menu` [ RunTime:0.006504s ]
SQL: SELECT * FROM `lb_menu` WHERE ( `pid` = 0 ) AND ( `hide` = 0 ) ORDER BY sort asc  [ RunTime:0.000558s ]
SQL: SELECT `id` FROM `lb_menu` WHERE ( url like '%Config/group%' ) LIMIT 1   [ RunTime:0.000340s ]
SQL: SHOW COLUMNS FROM `lb_menu` [ RunTime:0.007145s ]
SQL: SELECT `id`,`pid`,`title` FROM `lb_menu` WHERE ( id=68 ) LIMIT 1   [ RunTime:0.000390s ]
SQL: SELECT DISTINCT  `group` FROM `lb_menu` WHERE ( pid = 68 )  [ RunTime:0.000486s ]
SQL: SELECT `id`,`url` FROM `lb_menu` WHERE ( `pid` = 68 ) AND ( `hide` = 0 )  [ RunTime:0.000485s ]
SQL: SELECT `id`,`pid`,`title`,`url`,`tip` FROM `lb_menu` WHERE ( `group` = '系统设置' ) AND ( `pid` = 68 ) AND ( `hide` = 0 ) ORDER BY sort asc  [ RunTime:0.000878s ]
SQL: SELECT `id`,`pid`,`title`,`url`,`tip` FROM `lb_menu` WHERE ( `group` = '' ) AND ( `pid` = 68 ) AND ( `hide` = 0 ) ORDER BY sort asc  [ RunTime:0.000550s ]
SQL: SELECT `id`,`pid`,`title`,`url`,`tip` FROM `lb_menu` WHERE ( `group` = '数据备份' ) AND ( `pid` = 68 ) AND ( `hide` = 0 ) ORDER BY sort asc  [ RunTime:0.000546s ]
SQL: SHOW COLUMNS FROM `lb_config` [ RunTime:0.006778s ]
SQL: SELECT `id`,`name`,`title`,`extra`,`value`,`remark`,`type` FROM `lb_config` WHERE ( `status` = 1 ) AND ( `group` = 1 ) ORDER BY sort  [ RunTime:0.000557s ]
INFO: [ view_parse ] --START--
INFO: [ template_filter ] --START--
INFO: Run Behavior\ContentReplace [ RunTime:0.000241s ]
INFO: [ template_filter ] --END-- [ RunTime:0.000438s ]
INFO: Run Behavior\ParseTemplate [ RunTime:0.045102s ]
INFO: [ view_parse ] --END-- [ RunTime:0.045350s ]
INFO: [ view_filter ] --START--
INFO: Run Behavior\WriteHtmlCache [ RunTime:0.000280s ]
INFO: [ view_filter ] --END-- [ RunTime:0.000382s ]
INFO: [ app_end ] --START--
INFO: Run Behavior\ShowPageTrace [ RunTime:0.001464s ]
INFO: [ app_end ] --END-- [ RunTime:0.001623s ]

[ 2017-03-10T19:45:58+08:00 ] ::1 /lightblog/index.php?s=/Admin/Menu/index.html
NOTIC: [8192] mysql_connect(): The mysql extension is deprecated and will be removed in the future: use mysqli or PDO instead /Applications/MAMP/htdocs/LightBlog/ThinkPHP/Library/Think/Db/Driver/Mysql.class.php 第 52 行.
SQL: SHOW COLUMNS FROM `lb_menu` [ RunTime:0.006039s ]
SQL: SELECT * FROM `lb_menu` WHERE ( `pid` = 0 ) AND ( `hide` = 0 ) ORDER BY sort asc  [ RunTime:0.000564s ]
SQL: SELECT `id` FROM `lb_menu` WHERE ( url like '%Menu/index%' ) LIMIT 1   [ RunTime:0.000463s ]
SQL: SHOW COLUMNS FROM `lb_menu` [ RunTime:0.022133s ]
SQL: SELECT `id`,`pid`,`title` FROM `lb_menu` WHERE ( id=75 ) LIMIT 1   [ RunTime:0.000401s ]
SQL: SELECT `id`,`pid`,`title` FROM `lb_menu` WHERE ( id=68 ) LIMIT 1   [ RunTime:0.000406s ]
SQL: SELECT DISTINCT  `group` FROM `lb_menu` WHERE ( pid = 68 )  [ RunTime:0.000594s ]
SQL: SELECT `id`,`url` FROM `lb_menu` WHERE ( `pid` = 68 ) AND ( `hide` = 0 )  [ RunTime:0.000503s ]
SQL: SELECT `id`,`pid`,`title`,`url`,`tip` FROM `lb_menu` WHERE ( `group` = '系统设置' ) AND ( `pid` = 68 ) AND ( `hide` = 0 ) ORDER BY sort asc  [ RunTime:0.000885s ]
SQL: SELECT `id`,`pid`,`title`,`url`,`tip` FROM `lb_menu` WHERE ( `group` = '' ) AND ( `pid` = 68 ) AND ( `hide` = 0 ) ORDER BY sort asc  [ RunTime:0.001708s ]
SQL: SELECT `id`,`pid`,`title`,`url`,`tip` FROM `lb_menu` WHERE ( `group` = '数据备份' ) AND ( `pid` = 68 ) AND ( `hide` = 0 ) ORDER BY sort asc  [ RunTime:0.000662s ]
SQL: SELECT `id`,`title` FROM `lb_menu`  [ RunTime:0.000693s ]
SQL: SELECT `id`,`title`,`pid`,`sort`,`url`,`hide`,`tip`,`group`,`is_dev` FROM `lb_menu` WHERE ( `pid` = 0 ) ORDER BY sort asc,id asc  [ RunTime:0.000563s ]
INFO: [ view_parse ] --START--
INFO: [ template_filter ] --START--
INFO: Run Behavior\ContentReplace [ RunTime:0.000189s ]
INFO: [ template_filter ] --END-- [ RunTime:0.000330s ]
INFO: Run Behavior\ParseTemplate [ RunTime:0.052064s ]
INFO: [ view_parse ] --END-- [ RunTime:0.052213s ]
INFO: [ view_filter ] --START--
INFO: Run Behavior\WriteHtmlCache [ RunTime:0.000298s ]
INFO: [ view_filter ] --END-- [ RunTime:0.000412s ]
INFO: [ app_end ] --START--
INFO: Run Behavior\ShowPageTrace [ RunTime:0.002379s ]
INFO: [ app_end ] --END-- [ RunTime:0.002562s ]

[ 2017-03-10T19:46:04+08:00 ] ::1 /lightblog/index.php?s=/Admin/Menu/edit/id/2.html
NOTIC: [8192] mysql_connect(): The mysql extension is deprecated and will be removed in the future: use mysqli or PDO instead /Applications/MAMP/htdocs/LightBlog/ThinkPHP/Library/Think/Db/Driver/Mysql.class.php 第 52 行.
SQL: SHOW COLUMNS FROM `lb_menu` [ RunTime:0.007022s ]
SQL: SELECT * FROM `lb_menu` WHERE ( `pid` = 0 ) AND ( `hide` = 0 ) ORDER BY sort asc  [ RunTime:0.000602s ]
SQL: SELECT `id` FROM `lb_menu` WHERE ( url like '%Menu/edit%' ) LIMIT 1   [ RunTime:0.000558s ]
SQL: SHOW COLUMNS FROM `lb_menu` [ RunTime:0.007331s ]
SQL: SELECT `id`,`pid`,`title` FROM `lb_menu` WHERE ( id=98 ) LIMIT 1   [ RunTime:0.000477s ]
SQL: SELECT `id`,`pid`,`title` FROM `lb_menu` WHERE ( id=75 ) LIMIT 1   [ RunTime:0.000455s ]
SQL: SELECT `id`,`pid`,`title` FROM `lb_menu` WHERE ( id=68 ) LIMIT 1   [ RunTime:0.001291s ]
SQL: SELECT DISTINCT  `group` FROM `lb_menu` WHERE ( pid = 68 )  [ RunTime:0.000566s ]
SQL: SELECT `id`,`url` FROM `lb_menu` WHERE ( `pid` = 68 ) AND ( `hide` = 0 )  [ RunTime:0.000507s ]
SQL: SELECT `id`,`pid`,`title`,`url`,`tip` FROM `lb_menu` WHERE ( `group` = '系统设置' ) AND ( `pid` = 68 ) AND ( `hide` = 0 ) ORDER BY sort asc  [ RunTime:0.000626s ]
SQL: SELECT `id`,`pid`,`title`,`url`,`tip` FROM `lb_menu` WHERE ( `group` = '' ) AND ( `pid` = 68 ) AND ( `hide` = 0 ) ORDER BY sort asc  [ RunTime:0.000562s ]
SQL: SELECT `id`,`pid`,`title`,`url`,`tip` FROM `lb_menu` WHERE ( `group` = '数据备份' ) AND ( `pid` = 68 ) AND ( `hide` = 0 ) ORDER BY sort asc  [ RunTime:0.000577s ]
SQL: SELECT `id`,`title`,`pid`,`sort`,`url`,`hide`,`tip`,`group`,`is_dev` FROM `lb_menu` WHERE ( `id` = 2 ) LIMIT 1   [ RunTime:0.000531s ]
SQL: SELECT `id`,`title`,`pid`,`sort`,`url`,`hide`,`tip`,`group`,`is_dev` FROM `lb_menu`  [ RunTime:0.001197s ]
INFO: [ view_parse ] --START--
INFO: [ template_filter ] --START--
INFO: Run Behavior\ContentReplace [ RunTime:0.000190s ]
INFO: [ template_filter ] --END-- [ RunTime:0.000341s ]
INFO: Run Behavior\ParseTemplate [ RunTime:0.201526s ]
INFO: [ view_parse ] --END-- [ RunTime:0.201711s ]
INFO: [ view_filter ] --START--
INFO: Run Behavior\WriteHtmlCache [ RunTime:0.000349s ]
INFO: [ view_filter ] --END-- [ RunTime:0.000670s ]
INFO: [ app_end ] --START--
INFO: Run Behavior\ShowPageTrace [ RunTime:0.003515s ]
INFO: [ app_end ] --END-- [ RunTime:0.003702s ]

[ 2017-03-10T19:46:09+08:00 ] ::1 /lightblog/index.php?s=/Admin/Menu/index.html
NOTIC: [8192] mysql_connect(): The mysql extension is deprecated and will be removed in the future: use mysqli or PDO instead /Applications/MAMP/htdocs/LightBlog/ThinkPHP/Library/Think/Db/Driver/Mysql.class.php 第 52 行.
SQL: SHOW COLUMNS FROM `lb_menu` [ RunTime:0.006684s ]
SQL: SELECT * FROM `lb_menu` WHERE ( `pid` = 0 ) AND ( `hide` = 0 ) ORDER BY sort asc  [ RunTime:0.001194s ]
SQL: SELECT `id` FROM `lb_menu` WHERE ( url like '%Menu/index%' ) LIMIT 1   [ RunTime:0.000600s ]
SQL: SHOW COLUMNS FROM `lb_menu` [ RunTime:0.004497s ]
SQL: SELECT `id`,`pid`,`title` FROM `lb_menu` WHERE ( id=75 ) LIMIT 1   [ RunTime:0.000666s ]
SQL: SELECT `id`,`pid`,`title` FROM `lb_menu` WHERE ( id=68 ) LIMIT 1   [ RunTime:0.000369s ]
SQL: SELECT DISTINCT  `group` FROM `lb_menu` WHERE ( pid = 68 )  [ RunTime:0.000591s ]
SQL: SELECT `id`,`url` FROM `lb_menu` WHERE ( `pid` = 68 ) AND ( `hide` = 0 )  [ RunTime:0.000541s ]
SQL: SELECT `id`,`pid`,`title`,`url`,`tip` FROM `lb_menu` WHERE ( `group` = '系统设置' ) AND ( `pid` = 68 ) AND ( `hide` = 0 ) ORDER BY sort asc  [ RunTime:0.001012s ]
SQL: SELECT `id`,`pid`,`title`,`url`,`tip` FROM `lb_menu` WHERE ( `group` = '' ) AND ( `pid` = 68 ) AND ( `hide` = 0 ) ORDER BY sort asc  [ RunTime:0.000706s ]
SQL: SELECT `id`,`pid`,`title`,`url`,`tip` FROM `lb_menu` WHERE ( `group` = '数据备份' ) AND ( `pid` = 68 ) AND ( `hide` = 0 ) ORDER BY sort asc  [ RunTime:0.000528s ]
SQL: SELECT `id`,`title` FROM `lb_menu`  [ RunTime:0.000720s ]
SQL: SELECT `id`,`title`,`pid`,`sort`,`url`,`hide`,`tip`,`group`,`is_dev` FROM `lb_menu` WHERE ( `pid` = 0 ) ORDER BY sort asc,id asc  [ RunTime:0.000555s ]
INFO: [ view_parse ] --START--
INFO: [ template_filter ] --START--
INFO: Run Behavior\ContentReplace [ RunTime:0.000177s ]
INFO: [ template_filter ] --END-- [ RunTime:0.000313s ]
INFO: Run Behavior\ParseTemplate [ RunTime:0.214311s ]
INFO: [ view_parse ] --END-- [ RunTime:0.214444s ]
INFO: [ view_filter ] --START--
INFO: Run Behavior\WriteHtmlCache [ RunTime:0.000503s ]
INFO: [ view_filter ] --END-- [ RunTime:0.000689s ]
INFO: [ app_end ] --START--
INFO: Run Behavior\ShowPageTrace [ RunTime:0.004605s ]
INFO: [ app_end ] --END-- [ RunTime:0.004774s ]

[ 2017-03-10T19:46:12+08:00 ] ::1 /lightblog/index.php?s=/Admin/Menu/index/pid/2.html
NOTIC: [8192] mysql_connect(): The mysql extension is deprecated and will be removed in the future: use mysqli or PDO instead /Applications/MAMP/htdocs/LightBlog/ThinkPHP/Library/Think/Db/Driver/Mysql.class.php 第 52 行.
SQL: SHOW COLUMNS FROM `lb_menu` [ RunTime:0.007604s ]
SQL: SELECT * FROM `lb_menu` WHERE ( `pid` = 0 ) AND ( `hide` = 0 ) ORDER BY sort asc  [ RunTime:0.000586s ]
SQL: SELECT `id` FROM `lb_menu` WHERE ( url like '%Menu/index%' ) LIMIT 1   [ RunTime:0.000535s ]
SQL: SHOW COLUMNS FROM `lb_menu` [ RunTime:0.002052s ]
SQL: SELECT `id`,`pid`,`title` FROM `lb_menu` WHERE ( id=75 ) LIMIT 1   [ RunTime:0.000419s ]
SQL: SELECT `id`,`pid`,`title` FROM `lb_menu` WHERE ( id=68 ) LIMIT 1   [ RunTime:0.000363s ]
SQL: SELECT DISTINCT  `group` FROM `lb_menu` WHERE ( pid = 68 )  [ RunTime:0.000578s ]
SQL: SELECT `id`,`url` FROM `lb_menu` WHERE ( `pid` = 68 ) AND ( `hide` = 0 )  [ RunTime:0.000398s ]
SQL: SELECT `id`,`pid`,`title`,`url`,`tip` FROM `lb_menu` WHERE ( `group` = '系统设置' ) AND ( `pid` = 68 ) AND ( `hide` = 0 ) ORDER BY sort asc  [ RunTime:0.000550s ]
SQL: SELECT `id`,`pid`,`title`,`url`,`tip` FROM `lb_menu` WHERE ( `group` = '' ) AND ( `pid` = 68 ) AND ( `hide` = 0 ) ORDER BY sort asc  [ RunTime:0.000458s ]
SQL: SELECT `id`,`pid`,`title`,`url`,`tip` FROM `lb_menu` WHERE ( `group` = '数据备份' ) AND ( `pid` = 68 ) AND ( `hide` = 0 ) ORDER BY sort asc  [ RunTime:0.000525s ]
SQL: SELECT `id`,`title`,`pid`,`sort`,`url`,`hide`,`tip`,`group`,`is_dev` FROM `lb_menu` WHERE ( id=2 ) LIMIT 1   [ RunTime:0.000437s ]
SQL: SELECT `id`,`title` FROM `lb_menu`  [ RunTime:0.000741s ]
SQL: SELECT `id`,`title`,`pid`,`sort`,`url`,`hide`,`tip`,`group`,`is_dev` FROM `lb_menu` WHERE ( `pid` = 2 ) ORDER BY sort asc,id asc  [ RunTime:0.017208s ]
INFO: [ view_parse ] --START--
INFO: [ template_filter ] --START--
INFO: Run Behavior\ContentReplace [ RunTime:0.000165s ]
INFO: [ template_filter ] --END-- [ RunTime:0.000277s ]
INFO: Run Behavior\ParseTemplate [ RunTime:0.073894s ]
INFO: [ view_parse ] --END-- [ RunTime:0.074018s ]
INFO: [ view_filter ] --START--
INFO: Run Behavior\WriteHtmlCache [ RunTime:0.000258s ]
INFO: [ view_filter ] --END-- [ RunTime:0.000354s ]
INFO: [ app_end ] --START--
INFO: Run Behavior\ShowPageTrace [ RunTime:0.002216s ]
INFO: [ app_end ] --END-- [ RunTime:0.125309s ]

[ 2017-03-10T19:46:16+08:00 ] ::1 /lightblog/index.php?s=/Admin/Menu/edit/id/3.html
NOTIC: [8192] mysql_connect(): The mysql extension is deprecated and will be removed in the future: use mysqli or PDO instead /Applications/MAMP/htdocs/LightBlog/ThinkPHP/Library/Think/Db/Driver/Mysql.class.php 第 52 行.
SQL: SHOW COLUMNS FROM `lb_menu` [ RunTime:0.006543s ]
SQL: SELECT * FROM `lb_menu` WHERE ( `pid` = 0 ) AND ( `hide` = 0 ) ORDER BY sort asc  [ RunTime:0.000581s ]
SQL: SELECT `id` FROM `lb_menu` WHERE ( url like '%Menu/edit%' ) LIMIT 1   [ RunTime:0.000498s ]
SQL: SHOW COLUMNS FROM `lb_menu` [ RunTime:0.006758s ]
SQL: SELECT `id`,`pid`,`title` FROM `lb_menu` WHERE ( id=98 ) LIMIT 1   [ RunTime:0.000382s ]
SQL: SELECT `id`,`pid`,`title` FROM `lb_menu` WHERE ( id=75 ) LIMIT 1   [ RunTime:0.000344s ]
SQL: SELECT `id`,`pid`,`title` FROM `lb_menu` WHERE ( id=68 ) LIMIT 1   [ RunTime:0.000805s ]
SQL: SELECT DISTINCT  `group` FROM `lb_menu` WHERE ( pid = 68 )  [ RunTime:0.000838s ]
SQL: SELECT `id`,`url` FROM `lb_menu` WHERE ( `pid` = 68 ) AND ( `hide` = 0 )  [ RunTime:0.000497s ]
SQL: SELECT `id`,`pid`,`title`,`url`,`tip` FROM `lb_menu` WHERE ( `group` = '系统设置' ) AND ( `pid` = 68 ) AND ( `hide` = 0 ) ORDER BY sort asc  [ RunTime:0.000732s ]
SQL: SELECT `id`,`pid`,`title`,`url`,`tip` FROM `lb_menu` WHERE ( `group` = '' ) AND ( `pid` = 68 ) AND ( `hide` = 0 ) ORDER BY sort asc  [ RunTime:0.000562s ]
SQL: SELECT `id`,`pid`,`title`,`url`,`tip` FROM `lb_menu` WHERE ( `group` = '数据备份' ) AND ( `pid` = 68 ) AND ( `hide` = 0 ) ORDER BY sort asc  [ RunTime:0.000589s ]
SQL: SELECT `id`,`title`,`pid`,`sort`,`url`,`hide`,`tip`,`group`,`is_dev` FROM `lb_menu` WHERE ( `id` = 3 ) LIMIT 1   [ RunTime:0.000460s ]
SQL: SELECT `id`,`title`,`pid`,`sort`,`url`,`hide`,`tip`,`group`,`is_dev` FROM `lb_menu`  [ RunTime:0.001076s ]
INFO: [ view_parse ] --START--
INFO: [ template_filter ] --START--
INFO: Run Behavior\ContentReplace [ RunTime:0.000161s ]
INFO: [ template_filter ] --END-- [ RunTime:0.000283s ]
INFO: Run Behavior\ParseTemplate [ RunTime:0.123987s ]
INFO: [ view_parse ] --END-- [ RunTime:0.124146s ]
INFO: [ view_filter ] --START--
INFO: Run Behavior\WriteHtmlCache [ RunTime:0.000485s ]
INFO: [ view_filter ] --END-- [ RunTime:0.000848s ]
INFO: [ app_end ] --START--
INFO: Run Behavior\ShowPageTrace [ RunTime:0.000901s ]
INFO: [ app_end ] --END-- [ RunTime:0.001055s ]

[ 2017-03-10T19:46:36+08:00 ] ::1 /lightblog/index.php?s=/Admin/Menu/edit.html
INFO: [ app_begin ] --START--
INFO: Run Behavior\ReadHtmlCache [ RunTime:0.001625s ]
INFO: [ app_begin ] --END-- [ RunTime:0.002438s ]
NOTIC: [8192] mysql_connect(): The mysql extension is deprecated and will be removed in the future: use mysqli or PDO instead /Applications/MAMP/htdocs/LightBlog/ThinkPHP/Library/Think/Db/Driver/Mysql.class.php 第 52 行.
SQL: SHOW COLUMNS FROM `lb_menu` [ RunTime:0.007229s ]
SQL: SELECT * FROM `lb_menu` WHERE ( `pid` = 0 ) AND ( `hide` = 0 ) ORDER BY sort asc  [ RunTime:0.000986s ]
SQL: SELECT `id` FROM `lb_menu` WHERE ( url like '%Menu/edit%' ) LIMIT 1   [ RunTime:0.000501s ]
SQL: SHOW COLUMNS FROM `lb_menu` [ RunTime:0.009688s ]
SQL: SELECT `id`,`pid`,`title` FROM `lb_menu` WHERE ( id=98 ) LIMIT 1   [ RunTime:0.000772s ]
SQL: SELECT `id`,`pid`,`title` FROM `lb_menu` WHERE ( id=75 ) LIMIT 1   [ RunTime:0.000892s ]
SQL: SELECT `id`,`pid`,`title` FROM `lb_menu` WHERE ( id=68 ) LIMIT 1   [ RunTime:0.000503s ]
SQL: SELECT DISTINCT  `group` FROM `lb_menu` WHERE ( pid = 68 )  [ RunTime:0.000746s ]
SQL: SELECT `id`,`url` FROM `lb_menu` WHERE ( `pid` = 68 ) AND ( `hide` = 0 )  [ RunTime:0.000361s ]
SQL: SELECT `id`,`pid`,`title`,`url`,`tip` FROM `lb_menu` WHERE ( `group` = '系统设置' ) AND ( `pid` = 68 ) AND ( `hide` = 0 ) ORDER BY sort asc  [ RunTime:0.000453s ]
SQL: SELECT `id`,`pid`,`title`,`url`,`tip` FROM `lb_menu` WHERE ( `group` = '' ) AND ( `pid` = 68 ) AND ( `hide` = 0 ) ORDER BY sort asc  [ RunTime:0.000519s ]
SQL: SELECT `id`,`pid`,`title`,`url`,`tip` FROM `lb_menu` WHERE ( `group` = '数据备份' ) AND ( `pid` = 68 ) AND ( `hide` = 0 ) ORDER BY sort asc  [ RunTime:0.000599s ]
SQL: UPDATE `lb_menu` SET `title`='博文列表',`sort`=0,`url`='article/index',`pid`=2,`group`='内容',`hide`=1,`is_dev`=0,`tip`='' WHERE ( `id` = 3 ) [ RunTime:0.002260s ]
SQL: SHOW COLUMNS FROM `lb_action` [ RunTime:0.007481s ]
SQL: SELECT * FROM `lb_action` WHERE ( `name` = 'update_menu' ) LIMIT 1   [ RunTime:0.000474s ]
SQL: SHOW COLUMNS FROM `lb_action_log` [ RunTime:0.003392s ]
SQL: INSERT INTO `lb_action_log` (`action_id`,`user_id`,`action_ip`,`model`,`record_id`,`create_time`,`remark`) VALUES (10,1,0,'Menu',3,1489146396,'操作url：/lightblog/index.php?s=/Admin/Menu/edit.html') [ RunTime:0.000538s ]

[ 2017-03-10T19:46:37+08:00 ] ::1 /lightblog/index.php?s=/Admin/Menu/index/pid/2.html
NOTIC: [8192] mysql_connect(): The mysql extension is deprecated and will be removed in the future: use mysqli or PDO instead /Applications/MAMP/htdocs/LightBlog/ThinkPHP/Library/Think/Db/Driver/Mysql.class.php 第 52 行.
SQL: SHOW COLUMNS FROM `lb_menu` [ RunTime:0.003355s ]
SQL: SELECT * FROM `lb_menu` WHERE ( `pid` = 0 ) AND ( `hide` = 0 ) ORDER BY sort asc  [ RunTime:0.000633s ]
SQL: SELECT `id` FROM `lb_menu` WHERE ( url like '%Menu/index%' ) LIMIT 1   [ RunTime:0.000895s ]
SQL: SHOW COLUMNS FROM `lb_menu` [ RunTime:0.003437s ]
SQL: SELECT `id`,`pid`,`title` FROM `lb_menu` WHERE ( id=75 ) LIMIT 1   [ RunTime:0.000815s ]
SQL: SELECT `id`,`pid`,`title` FROM `lb_menu` WHERE ( id=68 ) LIMIT 1   [ RunTime:0.000390s ]
SQL: SELECT DISTINCT  `group` FROM `lb_menu` WHERE ( pid = 68 )  [ RunTime:0.000649s ]
SQL: SELECT `id`,`url` FROM `lb_menu` WHERE ( `pid` = 68 ) AND ( `hide` = 0 )  [ RunTime:0.000482s ]
SQL: SELECT `id`,`pid`,`title`,`url`,`tip` FROM `lb_menu` WHERE ( `group` = '系统设置' ) AND ( `pid` = 68 ) AND ( `hide` = 0 ) ORDER BY sort asc  [ RunTime:0.000544s ]
SQL: SELECT `id`,`pid`,`title`,`url`,`tip` FROM `lb_menu` WHERE ( `group` = '' ) AND ( `pid` = 68 ) AND ( `hide` = 0 ) ORDER BY sort asc  [ RunTime:0.000470s ]
SQL: SELECT `id`,`pid`,`title`,`url`,`tip` FROM `lb_menu` WHERE ( `group` = '数据备份' ) AND ( `pid` = 68 ) AND ( `hide` = 0 ) ORDER BY sort asc  [ RunTime:0.000486s ]
SQL: SELECT `id`,`title`,`pid`,`sort`,`url`,`hide`,`tip`,`group`,`is_dev` FROM `lb_menu` WHERE ( id=2 ) LIMIT 1   [ RunTime:0.000384s ]
SQL: SELECT `id`,`title` FROM `lb_menu`  [ RunTime:0.000592s ]
SQL: SELECT `id`,`title`,`pid`,`sort`,`url`,`hide`,`tip`,`group`,`is_dev` FROM `lb_menu` WHERE ( `pid` = 2 ) ORDER BY sort asc,id asc  [ RunTime:0.000574s ]
INFO: [ view_parse ] --START--
INFO: [ template_filter ] --START--
INFO: Run Behavior\ContentReplace [ RunTime:0.000179s ]
INFO: [ template_filter ] --END-- [ RunTime:0.000434s ]
INFO: Run Behavior\ParseTemplate [ RunTime:0.039897s ]
INFO: [ view_parse ] --END-- [ RunTime:0.040051s ]
INFO: [ view_filter ] --START--
INFO: Run Behavior\WriteHtmlCache [ RunTime:0.000257s ]
INFO: [ view_filter ] --END-- [ RunTime:0.000348s ]
INFO: [ app_end ] --START--
INFO: Run Behavior\ShowPageTrace [ RunTime:0.001589s ]
INFO: [ app_end ] --END-- [ RunTime:0.002133s ]

[ 2017-03-10T19:46:38+08:00 ] ::1 /lightblog/index.php?s=/Admin/Menu/index.html
NOTIC: [8192] mysql_connect(): The mysql extension is deprecated and will be removed in the future: use mysqli or PDO instead /Applications/MAMP/htdocs/LightBlog/ThinkPHP/Library/Think/Db/Driver/Mysql.class.php 第 52 行.
SQL: SHOW COLUMNS FROM `lb_menu` [ RunTime:0.006638s ]
SQL: SELECT * FROM `lb_menu` WHERE ( `pid` = 0 ) AND ( `hide` = 0 ) ORDER BY sort asc  [ RunTime:0.000627s ]
SQL: SELECT `id` FROM `lb_menu` WHERE ( url like '%Menu/index%' ) LIMIT 1   [ RunTime:0.000918s ]
SQL: SHOW COLUMNS FROM `lb_menu` [ RunTime:0.003533s ]
SQL: SELECT `id`,`pid`,`title` FROM `lb_menu` WHERE ( id=75 ) LIMIT 1   [ RunTime:0.000469s ]
SQL: SELECT `id`,`pid`,`title` FROM `lb_menu` WHERE ( id=68 ) LIMIT 1   [ RunTime:0.000347s ]
SQL: SELECT DISTINCT  `group` FROM `lb_menu` WHERE ( pid = 68 )  [ RunTime:0.000499s ]
SQL: SELECT `id`,`url` FROM `lb_menu` WHERE ( `pid` = 68 ) AND ( `hide` = 0 )  [ RunTime:0.000424s ]
SQL: SELECT `id`,`pid`,`title`,`url`,`tip` FROM `lb_menu` WHERE ( `group` = '系统设置' ) AND ( `pid` = 68 ) AND ( `hide` = 0 ) ORDER BY sort asc  [ RunTime:0.000510s ]
SQL: SELECT `id`,`pid`,`title`,`url`,`tip` FROM `lb_menu` WHERE ( `group` = '' ) AND ( `pid` = 68 ) AND ( `hide` = 0 ) ORDER BY sort asc  [ RunTime:0.000392s ]
SQL: SELECT `id`,`pid`,`title`,`url`,`tip` FROM `lb_menu` WHERE ( `group` = '数据备份' ) AND ( `pid` = 68 ) AND ( `hide` = 0 ) ORDER BY sort asc  [ RunTime:0.000907s ]
SQL: SELECT `id`,`title` FROM `lb_menu`  [ RunTime:0.000789s ]
SQL: SELECT `id`,`title`,`pid`,`sort`,`url`,`hide`,`tip`,`group`,`is_dev` FROM `lb_menu` WHERE ( `pid` = 0 ) ORDER BY sort asc,id asc  [ RunTime:0.000709s ]
INFO: [ view_parse ] --START--
INFO: [ template_filter ] --START--
INFO: Run Behavior\ContentReplace [ RunTime:0.000188s ]
INFO: [ template_filter ] --END-- [ RunTime:0.000576s ]
INFO: Run Behavior\ParseTemplate [ RunTime:0.066969s ]
INFO: [ view_parse ] --END-- [ RunTime:0.067088s ]
INFO: [ view_filter ] --START--
INFO: Run Behavior\WriteHtmlCache [ RunTime:0.000275s ]
INFO: [ view_filter ] --END-- [ RunTime:0.000378s ]
INFO: [ app_end ] --START--
INFO: Run Behavior\ShowPageTrace [ RunTime:0.004578s ]
INFO: [ app_end ] --END-- [ RunTime:0.005030s ]

[ 2017-03-10T19:46:41+08:00 ] ::1 /lightblog/index.php?s=/Admin/Menu/index/pid/2.html
NOTIC: [8192] mysql_connect(): The mysql extension is deprecated and will be removed in the future: use mysqli or PDO instead /Applications/MAMP/htdocs/LightBlog/ThinkPHP/Library/Think/Db/Driver/Mysql.class.php 第 52 行.
SQL: SHOW COLUMNS FROM `lb_menu` [ RunTime:0.004481s ]
SQL: SELECT * FROM `lb_menu` WHERE ( `pid` = 0 ) AND ( `hide` = 0 ) ORDER BY sort asc  [ RunTime:0.000784s ]
SQL: SELECT `id` FROM `lb_menu` WHERE ( url like '%Menu/index%' ) LIMIT 1   [ RunTime:0.000443s ]
SQL: SHOW COLUMNS FROM `lb_menu` [ RunTime:0.007094s ]
SQL: SELECT `id`,`pid`,`title` FROM `lb_menu` WHERE ( id=75 ) LIMIT 1   [ RunTime:0.000351s ]
SQL: SELECT `id`,`pid`,`title` FROM `lb_menu` WHERE ( id=68 ) LIMIT 1   [ RunTime:0.000344s ]
SQL: SELECT DISTINCT  `group` FROM `lb_menu` WHERE ( pid = 68 )  [ RunTime:0.000559s ]
SQL: SELECT `id`,`url` FROM `lb_menu` WHERE ( `pid` = 68 ) AND ( `hide` = 0 )  [ RunTime:0.000505s ]
SQL: SELECT `id`,`pid`,`title`,`url`,`tip` FROM `lb_menu` WHERE ( `group` = '系统设置' ) AND ( `pid` = 68 ) AND ( `hide` = 0 ) ORDER BY sort asc  [ RunTime:0.000594s ]
SQL: SELECT `id`,`pid`,`title`,`url`,`tip` FROM `lb_menu` WHERE ( `group` = '' ) AND ( `pid` = 68 ) AND ( `hide` = 0 ) ORDER BY sort asc  [ RunTime:0.000568s ]
SQL: SELECT `id`,`pid`,`title`,`url`,`tip` FROM `lb_menu` WHERE ( `group` = '数据备份' ) AND ( `pid` = 68 ) AND ( `hide` = 0 ) ORDER BY sort asc  [ RunTime:0.000735s ]
SQL: SELECT `id`,`title`,`pid`,`sort`,`url`,`hide`,`tip`,`group`,`is_dev` FROM `lb_menu` WHERE ( id=2 ) LIMIT 1   [ RunTime:0.000637s ]
SQL: SELECT `id`,`title` FROM `lb_menu`  [ RunTime:0.000669s ]
SQL: SELECT `id`,`title`,`pid`,`sort`,`url`,`hide`,`tip`,`group`,`is_dev` FROM `lb_menu` WHERE ( `pid` = 2 ) ORDER BY sort asc,id asc  [ RunTime:0.000493s ]
INFO: [ view_parse ] --START--
INFO: [ template_filter ] --START--
INFO: Run Behavior\ContentReplace [ RunTime:0.000293s ]
INFO: [ template_filter ] --END-- [ RunTime:0.000460s ]
INFO: Run Behavior\ParseTemplate [ RunTime:0.038351s ]
INFO: [ view_parse ] --END-- [ RunTime:0.038582s ]
INFO: [ view_filter ] --START--
INFO: Run Behavior\WriteHtmlCache [ RunTime:0.000380s ]
INFO: [ view_filter ] --END-- [ RunTime:0.000562s ]
INFO: [ app_end ] --START--
INFO: Run Behavior\ShowPageTrace [ RunTime:0.003286s ]
INFO: [ app_end ] --END-- [ RunTime:0.003422s ]

